[    1681ms] [LOG] wsTrackEnd @ https://reservations-stg.wynntesting.com/CrsMedia/P13763/bbe/wynn_datalayer.js:778
[    1683ms] [LOG] wsTrackEndSegment @ https://reservations-stg.wynntesting.com/CrsMedia/P13763/bbe/wynn_datalayer.js:3599
[    1765ms] [VERBOSE] [DOM] Input elements should have autocomplete attributes (suggested: "current-password"): (More info: https://goo.gl/9p2vKq) %o @ https://reservations-stg.wynntesting.com/ibe/index.aspx?hotelID=13764&langID=1&currID=0&checkIn=04/25/2026&checkOut=04/27/2026&rooms=1&adults=2:0
[    1765ms] [VERBOSE] [DOM] Input elements should have autocomplete attributes (suggested: "new-password"): (More info: https://goo.gl/9p2vKq) %o @ https://reservations-stg.wynntesting.com/ibe/index.aspx?hotelID=13764&langID=1&currID=0&checkIn=04/25/2026&checkOut=04/27/2026&rooms=1&adults=2:0
[    1765ms] [VERBOSE] [DOM] Input elements should have autocomplete attributes (suggested: "new-password"): (More info: https://goo.gl/9p2vKq) %o @ https://reservations-stg.wynntesting.com/ibe/index.aspx?hotelID=13764&langID=1&currID=0&checkIn=04/25/2026&checkOut=04/27/2026&rooms=1&adults=2:0
[    1765ms] [VERBOSE] [DOM] Input elements should have autocomplete attributes (suggested: "current-password"): (More info: https://goo.gl/9p2vKq) %o @ https://reservations-stg.wynntesting.com/ibe/index.aspx?hotelID=13764&langID=1&currID=0&checkIn=04/25/2026&checkOut=04/27/2026&rooms=1&adults=2:0
[    2063ms] [ERROR] Failed to load resource: the server responded with a status of 400 () @ https://reservations-stg.wynntesting.com/ibe/DelegAuth/okta/callback#error=login_required&error_description=Login%20required:0
[    2786ms] [WARNING] Google Maps JavaScript API has been loaded directly without loading=async. This can result in suboptimal performance. For best-practice loading patterns please see https://goo.gle/js-api-loading @ https://maps.googleapis.com/maps/api/js?callback=cbWsLoadMapApi&key=AIzaSyAXWgxiA5T_ozCIvAhuMwr-Geew_zj69-Y:336
[  235812ms] [LOG] wsTrackEnd @ https://reservations-stg.wynntesting.com/CrsMedia/P13763/bbe/wynn_datalayer.js:778
[  235812ms] [LOG] wsTrackEndSegment @ https://reservations-stg.wynntesting.com/CrsMedia/P13763/bbe/wynn_datalayer.js:3599
[  235943ms] [VERBOSE] [DOM] Input elements should have autocomplete attributes (suggested: "current-password"): (More info: https://goo.gl/9p2vKq) %o @ https://reservations-stg.wynntesting.com/ibe/details.aspx?hotelID=13764&langID=1&rmID=68692&promo=&voucher=&currID=0:0
[  236368ms] [ERROR] Failed to load resource: the server responded with a status of 400 () @ https://reservations-stg.wynntesting.com/ibe/DelegAuth/okta/callback#error=login_required&error_description=Login%20required:0
[  236464ms] [WARNING] Google Maps JavaScript API has been loaded directly without loading=async. This can result in suboptimal performance. For best-practice loading patterns please see https://goo.gle/js-api-loading @ https://maps.googleapis.com/maps/api/js?callback=cbWsLoadMapApi&key=AIzaSyAXWgxiA5T_ozCIvAhuMwr-Geew_zj69-Y:336
[  264666ms] [LOG] wsTrackEnd @ https://reservations-stg.wynntesting.com/CrsMedia/P13763/bbe/wynn_datalayer.js:778
[  264666ms] [LOG] wsTrackEndSegment @ https://reservations-stg.wynntesting.com/CrsMedia/P13763/bbe/wynn_datalayer.js:3599
[  264750ms] [VERBOSE] [DOM] Input elements should have autocomplete attributes (suggested: "current-password"): (More info: https://goo.gl/9p2vKq) %o @ https://reservations-stg.wynntesting.com/ibe/cart.aspx?hotelID=13764&langID=1&hgID=0&currID=0:0
[  264796ms] [ERROR] Failed to load resource: the server responded with a status of 404 () @ https://reservations-stg.wynntesting.com/CrsMedia/P13764/rm/4_King_Bathroom_Barbara%20Kraft_774x484.jpg:0
[  265462ms] [ERROR] Failed to load resource: the server responded with a status of 400 () @ https://reservations-stg.wynntesting.com/ibe/DelegAuth/okta/callback#error=login_required&error_description=Login%20required:0
[  265723ms] [WARNING] Google Maps JavaScript API has been loaded directly without loading=async. This can result in suboptimal performance. For best-practice loading patterns please see https://goo.gle/js-api-loading @ https://maps.googleapis.com/maps/api/js?callback=cbWsLoadMapApi&key=AIzaSyAXWgxiA5T_ozCIvAhuMwr-Geew_zj69-Y:336
[  284200ms] [VERBOSE] [DOM] Input elements should have autocomplete attributes (suggested: "current-password"): (More info: https://goo.gl/9p2vKq) %o @ https://reservations-stg.wynntesting.com/ibe/index.aspx?hotelID=13764&langID=1&hgID=0&currID=0:0
[  284200ms] [VERBOSE] [DOM] Input elements should have autocomplete attributes (suggested: "new-password"): (More info: https://goo.gl/9p2vKq) %o @ https://reservations-stg.wynntesting.com/ibe/index.aspx?hotelID=13764&langID=1&hgID=0&currID=0:0
[  284200ms] [VERBOSE] [DOM] Input elements should have autocomplete attributes (suggested: "new-password"): (More info: https://goo.gl/9p2vKq) %o @ https://reservations-stg.wynntesting.com/ibe/index.aspx?hotelID=13764&langID=1&hgID=0&currID=0:0
[  284200ms] [VERBOSE] [DOM] Input elements should have autocomplete attributes (suggested: "current-password"): (More info: https://goo.gl/9p2vKq) %o @ https://reservations-stg.wynntesting.com/ibe/index.aspx?hotelID=13764&langID=1&hgID=0&currID=0:0
[  284202ms] [LOG] wsTrackEnd @ https://reservations-stg.wynntesting.com/CrsMedia/P13763/bbe/wynn_datalayer.js:778
[  284203ms] [LOG] wsTrackEndSegment @ https://reservations-stg.wynntesting.com/CrsMedia/P13763/bbe/wynn_datalayer.js:3599
[  284458ms] [ERROR] Failed to load resource: the server responded with a status of 400 () @ https://reservations-stg.wynntesting.com/ibe/DelegAuth/okta/callback#error=login_required&error_description=Login%20required:0
[  284481ms] [WARNING] Google Maps JavaScript API has been loaded directly without loading=async. This can result in suboptimal performance. For best-practice loading patterns please see https://goo.gle/js-api-loading @ https://maps.googleapis.com/maps/api/js?callback=cbWsLoadMapApi&key=AIzaSyAXWgxiA5T_ozCIvAhuMwr-Geew_zj69-Y:336
[  296742ms] [VERBOSE] [DOM] Input elements should have autocomplete attributes (suggested: "current-password"): (More info: https://goo.gl/9p2vKq) %o @ https://reservations-stg.wynntesting.com/ibe/details.aspx?hotelID=13764&langID=1&rmID=68693&promo=&voucher=&currID=0:0
[  296749ms] [LOG] wsTrackEnd @ https://reservations-stg.wynntesting.com/CrsMedia/P13763/bbe/wynn_datalayer.js:778
[  296750ms] [LOG] wsTrackEndSegment @ https://reservations-stg.wynntesting.com/CrsMedia/P13763/bbe/wynn_datalayer.js:3599
[  296974ms] [ERROR] Failed to load resource: the server responded with a status of 400 () @ https://reservations-stg.wynntesting.com/ibe/DelegAuth/okta/callback#error=login_required&error_description=Login%20required:0
[  297001ms] [WARNING] Google Maps JavaScript API has been loaded directly without loading=async. This can result in suboptimal performance. For best-practice loading patterns please see https://goo.gle/js-api-loading @ https://maps.googleapis.com/maps/api/js?callback=cbWsLoadMapApi&key=AIzaSyAXWgxiA5T_ozCIvAhuMwr-Geew_zj69-Y:336
[  317757ms] [LOG] wsTrackEnd @ https://reservations-stg.wynntesting.com/CrsMedia/P13763/bbe/wynn_datalayer.js:778
[  317757ms] [LOG] wsTrackEndSegment @ https://reservations-stg.wynntesting.com/CrsMedia/P13763/bbe/wynn_datalayer.js:3599
[  317838ms] [VERBOSE] [DOM] Input elements should have autocomplete attributes (suggested: "current-password"): (More info: https://goo.gl/9p2vKq) %o @ https://reservations-stg.wynntesting.com/ibe/cart.aspx?hotelID=13764&langID=1&hgID=0&currID=0:0
[  317843ms] [ERROR] Failed to load resource: the server responded with a status of 404 () @ https://reservations-stg.wynntesting.com/CrsMedia/P13764/rm/4_King_Bathroom_Barbara%20Kraft_774x484.jpg:0
[  318349ms] [ERROR] Failed to load resource: the server responded with a status of 400 () @ https://reservations-stg.wynntesting.com/ibe/DelegAuth/okta/callback#error=login_required&error_description=Login%20required:0
[  318513ms] [WARNING] Google Maps JavaScript API has been loaded directly without loading=async. This can result in suboptimal performance. For best-practice loading patterns please see https://goo.gle/js-api-loading @ https://maps.googleapis.com/maps/api/js?callback=cbWsLoadMapApi&key=AIzaSyAXWgxiA5T_ozCIvAhuMwr-Geew_zj69-Y:336
[  344731ms] [LOG] wsTrackEnd @ https://reservations-stg.wynntesting.com/CrsMedia/P13763/bbe/wynn_datalayer.js:778
[  344731ms] [LOG] wsTrackEndSegment @ https://reservations-stg.wynntesting.com/CrsMedia/P13763/bbe/wynn_datalayer.js:3599
[  344775ms] [VERBOSE] [DOM] Input elements should have autocomplete attributes (suggested: "new-password"): (More info: https://goo.gl/9p2vKq) %o @ https://reservations-stg.wynntesting.com/ibe/checkout.aspx?hotelID=13764&langID=1&hgID=0&currID=0:0
[  344776ms] [VERBOSE] [DOM] Input elements should have autocomplete attributes (suggested: "new-password"): (More info: https://goo.gl/9p2vKq) %o @ https://reservations-stg.wynntesting.com/ibe/checkout.aspx?hotelID=13764&langID=1&hgID=0&currID=0:0
[  344776ms] [VERBOSE] [DOM] Input elements should have autocomplete attributes (suggested: "current-password"): (More info: https://goo.gl/9p2vKq) %o @ https://reservations-stg.wynntesting.com/ibe/checkout.aspx?hotelID=13764&langID=1&hgID=0&currID=0:0
[  344918ms] [ERROR] Failed to load resource: the server responded with a status of 400 () @ https://reservations-stg.wynntesting.com/ibe/DelegAuth/okta/callback#error=login_required&error_description=Login%20required:0
[  345137ms] [WARNING] Google Maps JavaScript API has been loaded directly without loading=async. This can result in suboptimal performance. For best-practice loading patterns please see https://goo.gle/js-api-loading @ https://maps.googleapis.com/maps/api/js?callback=cbWsLoadMapApi&key=AIzaSyAXWgxiA5T_ozCIvAhuMwr-Geew_zj69-Y&libraries=places:1433
[  345145ms] [WARNING] As of March 1st, 2025, google.maps.places.Autocomplete is not available to new customers. Please use google.maps.places.PlaceAutocompleteElement instead. At this time, google.maps.places.Autocomplete is not scheduled to be discontinued, but google.maps.places.PlaceAutocompleteElement is recommended over google.maps.places.Autocomplete. While google.maps.places.Autocomplete will continue to receive bug fixes for any major regressions, existing bugs in google.maps.places.Autocomplete will not be addressed. At least 12 months notice will be given before support is discontinued. Please see https://developers.google.com/maps/legacy for additional details and https://developers.google.com/maps/documentation/javascript/places-migration-overview for the migration guide. @ https://maps.googleapis.com/maps/api/js?callback=cbWsLoadMapApi&key=AIzaSyAXWgxiA5T_ozCIvAhuMwr-Geew_zj69-Y&libraries=places:59
[  345146ms] [WARNING] google.maps.event.addDomListener() is deprecated, use the standard
addEventListener() method instead:
https://developer.mozilla.org/docs/Web/API/EventTarget/addEventListener
The feature will continue to work and there is no plan to decommission
it. @ https://maps.googleapis.com/maps/api/js?callback=cbWsLoadMapApi&key=AIzaSyAXWgxiA5T_ozCIvAhuMwr-Geew_zj69-Y&libraries=places:1310
[  345146ms] [WARNING] As of March 1st, 2025, google.maps.places.Autocomplete is not available to new customers. Please use google.maps.places.PlaceAutocompleteElement instead. At this time, google.maps.places.Autocomplete is not scheduled to be discontinued, but google.maps.places.PlaceAutocompleteElement is recommended over google.maps.places.Autocomplete. While google.maps.places.Autocomplete will continue to receive bug fixes for any major regressions, existing bugs in google.maps.places.Autocomplete will not be addressed. At least 12 months notice will be given before support is discontinued. Please see https://developers.google.com/maps/legacy for additional details and https://developers.google.com/maps/documentation/javascript/places-migration-overview for the migration guide. @ https://maps.googleapis.com/maps/api/js?callback=cbWsLoadMapApi&key=AIzaSyAXWgxiA5T_ozCIvAhuMwr-Geew_zj69-Y&libraries=places:59
[  763271ms] [WARNING] A parser-blocking, cross site (i.e. different eTLD+1) script, https://secure-hotel-tracker.com/tics/log.php?act=conversion&ref=4S87R4885&amount=2196&currency=USD&idbe=3&idwihp=190139&checkin=2026-04-25&checkout=2026-04-27&date_format=YYYY-MM-DD, is invoked via document.write. The network request for this script MAY be blocked by the browser in this or a future page load due to poor network connectivity. If blocked in this page load, it will be confirmed in a subsequent console message. See https://www.chromestatus.com/feature/5718547946799104 for more details. @ https://reservations-stg.wynntesting.com/CrsMedia/P13763/bbe/wynn_wihp.js:65
[  763272ms] [WARNING] A parser-blocking, cross site (i.e. different eTLD+1) script, https://secure-hotel-tracker.com/tics/log.php?act=conversion&ref=4S87R4885&amount=2196&currency=USD&idbe=3&idwihp=190139&checkin=2026-04-25&checkout=2026-04-27&date_format=YYYY-MM-DD, is invoked via document.write. The network request for this script MAY be blocked by the browser in this or a future page load due to poor network connectivity. If blocked in this page load, it will be confirmed in a subsequent console message. See https://www.chromestatus.com/feature/5718547946799104 for more details. @ https://reservations-stg.wynntesting.com/CrsMedia/P13763/bbe/wynn_wihp.js:65
[  764659ms] [LOG] wsTrackEnd @ https://reservations-stg.wynntesting.com/CrsMedia/P13763/bbe/wynn_datalayer.js:778
[  764660ms] [LOG] wsTrackEndSegment @ https://reservations-stg.wynntesting.com/CrsMedia/P13763/bbe/wynn_datalayer.js:3599
[  764969ms] [VERBOSE] [DOM] Input elements should have autocomplete attributes (suggested: "current-password"): (More info: https://goo.gl/9p2vKq) %o @ https://reservations-stg.wynntesting.com/ibe/confirm.aspx?hotelID=13764&langID=1&currID=0&crsID=4S87R4885:0
[  765201ms] [ERROR] Failed to load resource: the server responded with a status of 400 () @ https://reservations-stg.wynntesting.com/ibe/DelegAuth/okta/callback#error=login_required&error_description=Login%20required:0
[  765553ms] [WARNING] Google Maps JavaScript API has been loaded directly without loading=async. This can result in suboptimal performance. For best-practice loading patterns please see https://goo.gle/js-api-loading @ https://maps.googleapis.com/maps/api/js?callback=cbWsLoadMapApi&key=AIzaSyAXWgxiA5T_ozCIvAhuMwr-Geew_zj69-Y:336
